Traceback (most recent call last):
  File "/home/jfhlewyee/anaconda3/envs/jb/lib/python3.9/site-packages/jupyter_cache/executors/utils.py", line 51, in single_nb_execution
    executenb(
  File "/home/jfhlewyee/anaconda3/envs/jb/lib/python3.9/site-packages/nbclient/client.py", line 1204, in execute
    return NotebookClient(nb=nb, resources=resources, km=km, **kwargs).execute()
  File "/home/jfhlewyee/anaconda3/envs/jb/lib/python3.9/site-packages/nbclient/util.py", line 84, in wrapped
    return just_run(coro(*args, **kwargs))
  File "/home/jfhlewyee/anaconda3/envs/jb/lib/python3.9/site-packages/nbclient/util.py", line 62, in just_run
    return loop.run_until_complete(coro)
  File "/home/jfhlewyee/anaconda3/envs/jb/lib/python3.9/asyncio/base_events.py", line 647, in run_until_complete
    return future.result()
  File "/home/jfhlewyee/anaconda3/envs/jb/lib/python3.9/site-packages/nbclient/client.py", line 663, in async_execute
    await self.async_execute_cell(
  File "/home/jfhlewyee/anaconda3/envs/jb/lib/python3.9/site-packages/nbclient/client.py", line 965, in async_execute_cell
    await self._check_raise_for_error(cell, cell_index, exec_reply)
  File "/home/jfhlewyee/anaconda3/envs/jb/lib/python3.9/site-packages/nbclient/client.py", line 862, in _check_raise_for_error
    raise CellExecutionError.from_cell_and_msg(cell, exec_reply_content)
nbclient.exceptions.CellExecutionError: An error occurred while executing the following cell:
------------------
from scipy.misc import derivative
from matplotlib import pyplot as plt
import numpy as np
import sympy as sym

def f(x):
    return sym.exp(x)

a=0.0

x=np.linspace(0,10,11)

y=0
for n in range(0,7):
    y=y+derivative(f,a,n=n,order=2*n+1)/np.math.factorial(n)*(x-a)**n
    
plt.scatter(x,y,color='r')
plt.plot(x,f(x))
plt.show()
------------------

[0;31m---------------------------------------------------------------------------[0m
[0;31mValueError[0m                                Traceback (most recent call last)
Input [0;32mIn [2][0m, in [0;36m<cell line: 18>[0;34m()[0m
[1;32m     15[0m     y[38;5;241m=[39my[38;5;241m+[39mderivative(f,a,n[38;5;241m=[39mn,order[38;5;241m=[39m[38;5;241m2[39m[38;5;241m*[39mn[38;5;241m+[39m[38;5;241m1[39m)[38;5;241m/[39mnp[38;5;241m.[39mmath[38;5;241m.[39mfactorial(n)[38;5;241m*[39m(x[38;5;241m-[39ma)[38;5;241m*[39m[38;5;241m*[39mn
[1;32m     17[0m plt[38;5;241m.[39mscatter(x,y,color[38;5;241m=[39m[38;5;124m'[39m[38;5;124mr[39m[38;5;124m'[39m)
[0;32m---> 18[0m [43mplt[49m[38;5;241;43m.[39;49m[43mplot[49m[43m([49m[43mx[49m[43m,[49m[43mf[49m[43m([49m[43mx[49m[43m)[49m[43m)[49m
[1;32m     19[0m plt[38;5;241m.[39mshow()

File [0;32m~/anaconda3/envs/jb/lib/python3.9/site-packages/matplotlib/pyplot.py:2757[0m, in [0;36mplot[0;34m(scalex, scaley, data, *args, **kwargs)[0m
[1;32m   2755[0m [38;5;129m@_copy_docstring_and_deprecators[39m(Axes[38;5;241m.[39mplot)
[1;32m   2756[0m [38;5;28;01mdef[39;00m [38;5;21mplot[39m([38;5;241m*[39margs, scalex[38;5;241m=[39m[38;5;28;01mTrue[39;00m, scaley[38;5;241m=[39m[38;5;28;01mTrue[39;00m, data[38;5;241m=[39m[38;5;28;01mNone[39;00m, [38;5;241m*[39m[38;5;241m*[39mkwargs):
[0;32m-> 2757[0m     [38;5;28;01mreturn[39;00m [43mgca[49m[43m([49m[43m)[49m[38;5;241;43m.[39;49m[43mplot[49m[43m([49m
[1;32m   2758[0m [43m        [49m[38;5;241;43m*[39;49m[43margs[49m[43m,[49m[43m [49m[43mscalex[49m[38;5;241;43m=[39;49m[43mscalex[49m[43m,[49m[43m [49m[43mscaley[49m[38;5;241;43m=[39;49m[43mscaley[49m[43m,[49m
[1;32m   2759[0m [43m        [49m[38;5;241;43m*[39;49m[38;5;241;43m*[39;49m[43m([49m[43m{[49m[38;5;124;43m"[39;49m[38;5;124;43mdata[39;49m[38;5;124;43m"[39;49m[43m:[49m[43m [49m[43mdata[49m[43m}[49m[43m [49m[38;5;28;43;01mif[39;49;00m[43m [49m[43mdata[49m[43m [49m[38;5;129;43;01mis[39;49;00m[43m [49m[38;5;129;43;01mnot[39;49;00m[43m [49m[38;5;28;43;01mNone[39;49;00m[43m [49m[38;5;28;43;01melse[39;49;00m[43m [49m[43m{[49m[43m}[49m[43m)[49m[43m,[49m[43m [49m[38;5;241;43m*[39;49m[38;5;241;43m*[39;49m[43mkwargs[49m[43m)[49m

File [0;32m~/anaconda3/envs/jb/lib/python3.9/site-packages/matplotlib/axes/_axes.py:1632[0m, in [0;36mAxes.plot[0;34m(self, scalex, scaley, data, *args, **kwargs)[0m
[1;32m   1390[0m [38;5;124;03m"""[39;00m
[1;32m   1391[0m [38;5;124;03mPlot y versus x as lines and/or markers.[39;00m
[1;32m   1392[0m 
[0;32m   (...)[0m
[1;32m   1629[0m [38;5;124;03m(``'green'``) or hex strings (``'#008000'``).[39;00m
[1;32m   1630[0m [38;5;124;03m"""[39;00m
[1;32m   1631[0m kwargs [38;5;241m=[39m cbook[38;5;241m.[39mnormalize_kwargs(kwargs, mlines[38;5;241m.[39mLine2D)
[0;32m-> 1632[0m lines [38;5;241m=[39m [[38;5;241m*[39m[38;5;28mself[39m[38;5;241m.[39m_get_lines([38;5;241m*[39margs, data[38;5;241m=[39mdata, [38;5;241m*[39m[38;5;241m*[39mkwargs)]
[1;32m   1633[0m [38;5;28;01mfor[39;00m line [38;5;129;01min[39;00m lines:
[1;32m   1634[0m     [38;5;28mself[39m[38;5;241m.[39madd_line(line)

File [0;32m~/anaconda3/envs/jb/lib/python3.9/site-packages/matplotlib/axes/_base.py:312[0m, in [0;36m_process_plot_var_args.__call__[0;34m(self, data, *args, **kwargs)[0m
[1;32m    310[0m     this [38;5;241m+[39m[38;5;241m=[39m args[[38;5;241m0[39m],
[1;32m    311[0m     args [38;5;241m=[39m args[[38;5;241m1[39m:]
[0;32m--> 312[0m [38;5;28;01myield from[39;00m [38;5;28;43mself[39;49m[38;5;241;43m.[39;49m[43m_plot_args[49m[43m([49m[43mthis[49m[43m,[49m[43m [49m[43mkwargs[49m[43m)[49m

File [0;32m~/anaconda3/envs/jb/lib/python3.9/site-packages/matplotlib/axes/_base.py:498[0m, in [0;36m_process_plot_var_args._plot_args[0;34m(self, tup, kwargs, return_kwargs)[0m
[1;32m    495[0m     [38;5;28mself[39m[38;5;241m.[39maxes[38;5;241m.[39myaxis[38;5;241m.[39mupdate_units(y)
[1;32m    497[0m [38;5;28;01mif[39;00m x[38;5;241m.[39mshape[[38;5;241m0[39m] [38;5;241m!=[39m y[38;5;241m.[39mshape[[38;5;241m0[39m]:
[0;32m--> 498[0m     [38;5;28;01mraise[39;00m [38;5;167;01mValueError[39;00m([38;5;124mf[39m[38;5;124m"[39m[38;5;124mx and y must have same first dimension, but [39m[38;5;124m"[39m
[1;32m    499[0m                      [38;5;124mf[39m[38;5;124m"[39m[38;5;124mhave shapes [39m[38;5;132;01m{[39;00mx[38;5;241m.[39mshape[38;5;132;01m}[39;00m[38;5;124m and [39m[38;5;132;01m{[39;00my[38;5;241m.[39mshape[38;5;132;01m}[39;00m[38;5;124m"[39m)
[1;32m    500[0m [38;5;28;01mif[39;00m x[38;5;241m.[39mndim [38;5;241m>[39m [38;5;241m2[39m [38;5;129;01mor[39;00m y[38;5;241m.[39mndim [38;5;241m>[39m [38;5;241m2[39m:
[1;32m    501[0m     [38;5;28;01mraise[39;00m [38;5;167;01mValueError[39;00m([38;5;124mf[39m[38;5;124m"[39m[38;5;124mx and y can be no greater than 2D, but have [39m[38;5;124m"[39m
[1;32m    502[0m                      [38;5;124mf[39m[38;5;124m"[39m[38;5;124mshapes [39m[38;5;132;01m{[39;00mx[38;5;241m.[39mshape[38;5;132;01m}[39;00m[38;5;124m and [39m[38;5;132;01m{[39;00my[38;5;241m.[39mshape[38;5;132;01m}[39;00m[38;5;124m"[39m)

[0;31mValueError[0m: x and y must have same first dimension, but have shapes (11,) and (1,)
ValueError: x and y must have same first dimension, but have shapes (11,) and (1,)

